<?xml version="1.0" encoding="UTF-8"?>
<testsuite xmlns:xsi="http://www.w3.org/2001/XMLSchema-instance" xsi:noNamespaceSchemaLocation="https://maven.apache.org/surefire/maven-surefire-plugin/xsd/surefire-test-report-3.0.xsd" version="3.0" name="com.elevatorsim.model.ElevatorTest" time="0.126" tests="27" errors="0" skipped="0" failures="0">
  <properties>
[...]
</properties>
  <testcase name="arrivedAtFloor_sameFloorAsCurrent_afterAddDestination" classname="com.elevatorsim.model.ElevatorTest" time="0.006"/>
  <testcase name="hasDestinations_initiallyFalse" classname="com.elevatorsim.model.ElevatorTest" time="0.002"/>
  <testcase name="moveOneFloor_upDirection_incrementsFloor" classname="com.elevatorsim.model.ElevatorTest" time="0.002"/>
  <testcase name="arrivedAtFloor_noStop_returnsFalse" classname="com.elevatorsim.model.ElevatorTest" time="0.002"/>
  <testcase name="constructor_initializesCorrectly" classname="com.elevatorsim.model.ElevatorTest" time="0.004"/>
  <testcase name="hasDestinations_afterAdd_returnsTrue" classname="com.elevatorsim.model.ElevatorTest" time="0.003"/>
  <testcase name="addDestination_multipleFloors_addsToQueue" classname="com.elevatorsim.model.ElevatorTest" time="0.003"/>
  <testcase name="hallCallStop_incrementsPassengers" classname="com.elevatorsim.model.ElevatorTest" time="0.002"/>
  <testcase name="moveOneFloor_downDirection_decrementsFloor" classname="com.elevatorsim.model.ElevatorTest" time="0.004"/>
  <testcase name="addDestination_outOfRange_ignored" classname="com.elevatorsim.model.ElevatorTest" time="0.002"/>
  <testcase name="arrivedAtFloor_recordsWaitTime" classname="com.elevatorsim.model.ElevatorTest" time="0.002"/>
  <testcase name="addDestination_increasesPendingCount" classname="com.elevatorsim.model.ElevatorTest" time="0.002"/>
  <testcase name="getPendingCount_incrementsCorrectly" classname="com.elevatorsim.model.ElevatorTest" time="0.002"/>
  <testcase name="getNextDestination_returnsFirstQueued" classname="com.elevatorsim.model.ElevatorTest" time="0.002"/>
  <testcase name="cabCallStop_decrementsPassengers" classname="com.elevatorsim.model.ElevatorTest" time="0.002"/>
  <testcase name="arrivedAtFloor_withStop_returnsTrue" classname="com.elevatorsim.model.ElevatorTest" time="0.002"/>
  <testcase name="extendsBuildingComponent" classname="com.elevatorsim.model.ElevatorTest" time="0.009"/>
  <testcase name="getNextDestination_empty_returnsMinusOne" classname="com.elevatorsim.model.ElevatorTest" time="0.003"/>
  <testcase name="getDisplayName_forSecondElevator" classname="com.elevatorsim.model.ElevatorTest" time="0.002"/>
  <testcase name="moveOneFloor_atMaxFloor_doesNotGoHigher" classname="com.elevatorsim.model.ElevatorTest" time="0.003"/>
  <testcase name="hasDestinations_afterArrival_returnsFalse" classname="com.elevatorsim.model.ElevatorTest" time="0.002"/>
  <testcase name="setDirection_updatesDirection" classname="com.elevatorsim.model.ElevatorTest" time="0.002"/>
  <testcase name="getPendingDestinations_returnsInsertionOrder" classname="com.elevatorsim.model.ElevatorTest" time="0.003"/>
  <testcase name="setState_updatesState" classname="com.elevatorsim.model.ElevatorTest" time="0.002"/>
  <testcase name="shutdown_stopsElevator" classname="com.elevatorsim.model.ElevatorTest" time="0.002"/>
  <testcase name="moveOneFloor_atMinFloor_doesNotGoLower" classname="com.elevatorsim.model.ElevatorTest" time="0.002"/>
  <testcase name="arrivedAtFloor_intermediateStop_detected" classname="com.elevatorsim.model.ElevatorTest" time="0.002"/>
</testsuite>